 
****************************************
Report : area
Design : conv1
Version: Q-2019.12-SP5-5
Date   : Mon Dec 20 23:27:21 2021
****************************************

Library(s) Used:

    saed32rvt_ff1p16v125c (File: /data3/Class/SID/2021_2/2021_2_sid08/lib/SAED32_EDK/saed32rvt_ff1p16v125c.db)

Number of ports:                         2138
Number of nets:                         15101
Number of cells:                        12467
Number of combinational cells:          11262
Number of sequential cells:              1117
Number of macros/black boxes:               0
Number of buf/inv:                       1252
Number of references:                      35

Combinational area:              32033.580281
Buf/Inv area:                     2294.666273
Noncombinational area:            7384.408306
Macro/Black Box area:                0.000000
Net Interconnect area:           15714.137732

Total cell area:                 39417.988587
Total area:                      55132.126319
1
